<?xml version="1.0" encoding="UTF-8"?>
<coverage generated="1618608403017" clover="3.2.0">
  <project timestamp="1618608403018" name="All files">
    <metrics statements="10" coveredstatements="10" conditionals="0" coveredconditionals="0" methods="10" coveredmethods="10" elements="20" coveredelements="20" complexity="0" loc="10" ncloc="10" packages="1" files="4" classes="4"/>
    <file name="age.js" path="/Users/sauce/Desktop/super-age/src/js/age.js">
      <metrics statements="1" coveredstatements="1" conditionals="0" coveredconditionals="0" methods="1" coveredmethods="1"/>
      <line num="3" count="1" type="stmt"/>
    </file>
    <file name="mars.js" path="/Users/sauce/Desktop/super-age/src/js/mars.js">
      <metrics statements="3" coveredstatements="3" conditionals="0" coveredconditionals="0" methods="3" coveredmethods="3"/>
      <line num="3" count="1" type="stmt"/>
      <line num="6" count="1" type="stmt"/>
      <line num="9" count="1" type="stmt"/>
    </file>
    <file name="mercury.js" path="/Users/sauce/Desktop/super-age/src/js/mercury.js">
      <metrics statements="3" coveredstatements="3" conditionals="0" coveredconditionals="0" methods="3" coveredmethods="3"/>
      <line num="3" count="1" type="stmt"/>
      <line num="6" count="1" type="stmt"/>
      <line num="9" count="1" type="stmt"/>
    </file>
    <file name="venus.js" path="/Users/sauce/Desktop/super-age/src/js/venus.js">
      <metrics statements="3" coveredstatements="3" conditionals="0" coveredconditionals="0" methods="3" coveredmethods="3"/>
      <line num="3" count="1" type="stmt"/>
      <line num="6" count="1" type="stmt"/>
      <line num="9" count="1" type="stmt"/>
    </file>
  </project>
</coverage>
